app/build/outputs/logs/manifest-merger-debug-report.txt
-- Merging decision tree log ---
manifest
ADDED from src/main/AndroidManifest.xml:1:1-53:12
	package
		ADDED from src/main/AndroidManifest.xml:2:5-34
		INJECTED from src/main/AndroidManifest.xml
		INJECTED from src/main/AndroidManifest.xml
	android:versionName
		ADDED from src/main/AndroidManifest.xml:4:5-30
		INJECTED from src/main/AndroidManifest.xml
		INJECTED from src/main/AndroidManifest.xml
	android:versionCode
		ADDED from src/main/AndroidManifest.xml:3:5-28
		INJECTED from src/main/AndroidManifest.xml
		INJECTED from src/main/AndroidManifest.xml
	xmlns:android
		ADDED from src/main/AndroidManifest.xml:1:11-69
uses-sdk
ADDED from src/main/AndroidManifest.xml:6:5-8:41
	android:targetSdkVersion
		ADDED from src/main/AndroidManifest.xml:8:9-38
		INJECTED from src/main/AndroidManifest.xml
		INJECTED from src/main/AndroidManifest.xml
	android:minSdkVersion
		ADDED from src/main/AndroidManifest.xml:7:9-34
		INJECTED from src/main/AndroidManifest.xml
		INJECTED from src/main/AndroidManifest.xml
uses-permission#android.permission.NFC
ADDED from src/main/AndroidManifest.xml:10:5-62
	android:name
		ADDED from src/main/AndroidManifest.xml:10:22-59
uses-feature#android.hardware.nfc
ADDED from src/main/AndroidManifest.xml:12:5-14:35
	android:required
		ADDED from src/main/AndroidManifest.xml:14:9-32
	android:name
		ADDED from src/main/AndroidManifest.xml:13:9-44
application
ADDED from src/main/AndroidManifest.xml:16:5-51:19
	android:label
		ADDED from src/main/AndroidManifest.xml:19:9-41
	android:allowBackup
		ADDED from src/main/AndroidManifest.xml:17:9-35
	android:icon
		ADDED from src/main/AndroidManifest.xml:18:9-45
	android:theme
		ADDED from src/main/AndroidManifest.xml:20:9-40
activity#com.tool.nfc.BaseActivity
ADDED from src/main/AndroidManifest.xml:21:9-22:20
	android:name
		ADDED from src/main/AndroidManifest.xml:21:19-59
activity#com.tool.nfc.NFCActivity
ADDED from src/main/AndroidManifest.xml:23:9-50:20
	android:name
		ADDED from src/main/AndroidManifest.xml:23:19-58
intent-filter#android.intent.action.MAIN+android.intent.category.LAUNCHER
ADDED from src/main/AndroidManifest.xml:24:13-28:29
action#android.intent.action.MAIN
ADDED from src/main/AndroidManifest.xml:25:17-69
	android:name
		ADDED from src/main/AndroidManifest.xml:25:25-66
category#android.intent.category.LAUNCHER
ADDED from src/main/AndroidManifest.xml:27:17-77
	android:name
		ADDED from src/main/AndroidManifest.xml:27:27-74
intent-filter#android.nfc.action.NDEF_DISCOVERED
ADDED from src/main/AndroidManifest.xml:29:13-36:29
action#android.nfc.action.NDEF_DISCOVERED
ADDED from src/main/AndroidManifest.xml:30:17-77
	android:name
		ADDED from src/main/AndroidManifest.xml:30:25-74
data
ADDED from src/main/AndroidManifest.xml:32:17-35:45
	android:host
		ADDED from src/main/AndroidManifest.xml:33:21-37
	android:scheme
		ADDED from src/main/AndroidManifest.xml:35:21-42
	android:pathPrefix
		ADDED from src/main/AndroidManifest.xml:34:21-42
intent-filter#android.nfc.action.TECH_DISCOVERED
ADDED from src/main/AndroidManifest.xml:37:13-39:29
action#android.nfc.action.TECH_DISCOVERED
ADDED from src/main/AndroidManifest.xml:38:17-77
	android:name
		ADDED from src/main/AndroidManifest.xml:38:25-74
meta-data#android.nfc.action.TECH_DISCOVERED
ADDED from src/main/AndroidManifest.xml:41:13-43:59
	android:resource
		ADDED from src/main/AndroidManifest.xml:43:17-56
	android:name
		ADDED from src/main/AndroidManifest.xml:42:17-66
intent-filter#android.intent.category.DEFAULT+android.nfc.action.TAG_DISCOVERED
ADDED from src/main/AndroidManifest.xml:45:13-49:29
action#android.nfc.action.TAG_DISCOVERED
ADDED from src/main/AndroidManifest.xml:46:17-76
	android:name
		ADDED from src/main/AndroidManifest.xml:46:25-73
category#android.intent.category.DEFAULT
ADDED from src/main/AndroidManifest.xml:48:17-76
	android:name
		ADDED from src/main/AndroidManifest.xml:48:27-73